<?xml version="1.0" encoding="UTF-8"?>
<testng-results skipped="0" failed="0" total="2" passed="2">
  <reporter-output>
  </reporter-output>
  <suite name="Default suite" duration-ms="22" started-at="2016-09-14T06:03:51Z" finished-at="2016-09-14T06:03:51Z">
    <groups>
    </groups>
    <test name="Default test" duration-ms="22" started-at="2016-09-14T06:03:51Z" finished-at="2016-09-14T06:03:51Z">
      <class name="training.SkipTestCaseTestNG">
        <test-method status="PASS" signature="Zere()[pri:0, instance:training.SkipTestCaseTestNG@3aa7ff2e]" name="Zere" duration-ms="8" started-at="2016-09-14T11:33:51Z" finished-at="2016-09-14T11:33:51Z">
          <reporter-output>
          </reporter-output>
        </test-method> <!-- Zere -->
        <test-method status="PASS" signature="Two()[pri:0, instance:training.SkipTestCaseTestNG@3aa7ff2e]" name="Two" duration-ms="1" started-at="2016-09-14T11:33:51Z" finished-at="2016-09-14T11:33:51Z">
          <reporter-output>
          </reporter-output>
        </test-method> <!-- Two -->
      </class> <!-- training.SkipTestCaseTestNG -->
    </test> <!-- Default test -->
  </suite> <!-- Default suite -->
</testng-results>
