<?xml version="1.0" encoding="UTF-8"?>
<!-- Generated by org.testng.reporters.JUnitXMLReporter -->
<testsuite hostname="yashp" name="Practice Grouping" tests="5" failures="0" timestamp="13 Sep 2016 08:10:18 GMT" time="0.029" errors="0">
  <testcase name="Car1" time="0.009" classname="training.TestNGGrouping"/>
  <testcase name="Car2" time="0.0" classname="training.TestNGGrouping"/>
  <testcase name="Car3" time="0.001" classname="training.TestNGGrouping"/>
  <testcase name="Scooter1" time="0.0" classname="training.TestNGGrouping"/>
  <testcase name="Scooter2" time="0.001" classname="training.TestNGGrouping"/>
</testsuite> <!-- Practice Grouping -->
